[2026-02-28 14:24:24] ========================================
[2026-02-28 14:24:24] 🚀 监控守护进程启动
[2026-02-28 14:24:24] ========================================
[2026-02-28 14:24:24] 工作目录：/Users/liuyazhou/.openclaw/workspace/stock_watch
[2026-02-28 14:24:24] PID: 23558
[2026-02-28 14:24:24] 
[2026-02-28 14:24:24] 📊 执行首次监控...
🔍 开始题材热点与仓位平衡分析...


============================================================
📊 题材热点与仓位平衡分析
============================================================
更新时间：2026-02-28 14:24:24

📈 仓位总览:
  总仓位：60.0%
  ├─ 保守仓位：60.0%
  ├─ 激进仓位：0%
  └─ 现金：40.0%

🎯 持仓题材分布:
  资源周期: 60.0%
    ├─ 宝钢股份 (600019): 20.1% (+2.0%)
    ├─ 紫金矿业 (601899): 19.5% (+0.5%)
    ├─ 洛阳钼业 (603993): 20.4% (+4.2%)

⚠️ 仓位平衡提醒:
  💡 提示 [激进仓位过低]
    激进仓位仅 0.0%，可能错过结构性机会
  ⚠️ 警告 [题材集中]
    资源周期 仓位 60.0% 超过 25%，建议分散

============================================================

📁 报告已保存：/Users/liuyazhou/.openclaw/workspace/stock_watch/theme_hotspots.json
📝 提醒已记录：/Users/liuyazhou/.openclaw/workspace/stock_watch/theme_alerts.txt
🔍 开始仓位平衡监控...

============================================================
📊 仓位平衡监控报告 - 2026-02-28 14:24:24
============================================================

📈 仓位总览:
  总资产：1,013,118 元
  现金：405,294 元 (40.0%)
  持仓：607,824 元 (60.0%)

  保守仓位：60.0%
  激进仓位：0%

🎯 题材分布:
  资源周期: 60.0%

📋 个股持仓:
  洛阳钼业 (603993): 20.36% (+4.2%)
  宝钢股份 (600019): 20.11% (+2.0%)
  紫金矿业 (601899): 19.52% (+0.5%)

⚠️ 仓位提醒:
  💡 提示 [激进仓位不足]
    激进仓位仅 0%，可能错过结构性机会
    建议：可考虑配置 10-20% 激进仓位

  ⚠️ 警告 [题材集中]
    资源周期 仓位 60.0% 超过上限 25%
    建议：建议分散投资

  ⚠️ 警告 [个股集中]
    宝钢股份 仓位 20.11% 超过上限 15%
    建议：建议降低单一个股仓位

  ⚠️ 警告 [个股集中]
    紫金矿业 仓位 19.52% 超过上限 15%
    建议：建议降低单一个股仓位

  ⚠️ 警告 [个股集中]
    洛阳钼业 仓位 20.36% 超过上限 15%
    建议：建议降低单一个股仓位

============================================================

📁 日志已保存：/Users/liuyazhou/.openclaw/workspace/stock_watch/position_balance_log.txt
📝 历史记录已更新：/Users/liuyazhou/.openclaw/workspace/stock_watch/position_history.json
⚠️ 生成 5 条提醒：/Users/liuyazhou/.openclaw/workspace/stock_watch/position_alerts.txt
[2026-02-28 14:24:24] ⏰ 等待 30 分钟后再次检查...
[2026-02-28 14:54:25] ⏸️  非交易时间，跳过监控
[2026-02-28 14:54:25] ⏰ 等待 30 分钟后再次检查...
[2026-02-28 15:24:25] ⏸️  非交易时间，跳过监控
[2026-02-28 15:24:25] ⏰ 等待 30 分钟后再次检查...
[2026-02-28 15:54:25] ⏸️  非交易时间，跳过监控
[2026-02-28 15:54:25] ⏰ 等待 30 分钟后再次检查...
[2026-02-28 16:24:25] ⏸️  非交易时间，跳过监控
[2026-02-28 16:24:25] ⏰ 等待 30 分钟后再次检查...
[2026-02-28 16:54:25] ⏸️  非交易时间，跳过监控
[2026-02-28 16:54:25] ⏰ 等待 30 分钟后再次检查...
[2026-02-28 17:24:26] ⏸️  非交易时间，跳过监控
[2026-02-28 17:24:26] ⏰ 等待 30 分钟后再次检查...
[2026-02-28 17:54:26] ⏸️  非交易时间，跳过监控
[2026-02-28 17:54:26] ⏰ 等待 30 分钟后再次检查...
[2026-02-28 18:24:26] ⏸️  非交易时间，跳过监控
[2026-02-28 18:24:26] ⏰ 等待 30 分钟后再次检查...
[2026-02-28 18:54:26] ⏸️  非交易时间，跳过监控
[2026-02-28 18:54:26] ⏰ 等待 30 分钟后再次检查...
[2026-02-28 19:24:26] ⏸️  非交易时间，跳过监控
[2026-02-28 19:24:26] ⏰ 等待 30 分钟后再次检查...
[2026-02-28 19:54:26] ⏸️  非交易时间，跳过监控
[2026-02-28 19:54:26] ⏰ 等待 30 分钟后再次检查...
[2026-02-28 20:24:27] ⏸️  非交易时间，跳过监控
[2026-02-28 20:24:27] ⏰ 等待 30 分钟后再次检查...
[2026-02-28 20:54:27] ⏸️  非交易时间，跳过监控
[2026-02-28 20:54:27] ⏰ 等待 30 分钟后再次检查...
[2026-02-28 21:24:27] ⏸️  非交易时间，跳过监控
[2026-02-28 21:24:27] ⏰ 等待 30 分钟后再次检查...
[2026-02-28 21:54:27] ⏸️  非交易时间，跳过监控
[2026-02-28 21:54:27] ⏰ 等待 30 分钟后再次检查...
[2026-02-28 22:24:27] ⏸️  非交易时间，跳过监控
[2026-02-28 22:24:27] ⏰ 等待 30 分钟后再次检查...
[2026-02-28 22:54:27] ⏸️  非交易时间，跳过监控
[2026-02-28 22:54:27] ⏰ 等待 30 分钟后再次检查...
[2026-02-28 23:24:27] ⏸️  非交易时间，跳过监控
[2026-02-28 23:24:27] ⏰ 等待 30 分钟后再次检查...
[2026-02-28 23:54:27] ⏸️  非交易时间，跳过监控
[2026-02-28 23:54:27] ⏰ 等待 30 分钟后再次检查...
[2026-03-01 00:24:28] ⏸️  非交易时间，跳过监控
[2026-03-01 00:24:28] ⏰ 等待 30 分钟后再次检查...
[2026-03-01 00:54:28] ⏸️  非交易时间，跳过监控
[2026-03-01 00:54:28] ⏰ 等待 30 分钟后再次检查...
[2026-03-01 01:24:28] ⏸️  非交易时间，跳过监控
[2026-03-01 01:24:28] ⏰ 等待 30 分钟后再次检查...
[2026-03-01 01:54:28] ⏸️  非交易时间，跳过监控
[2026-03-01 01:54:28] ⏰ 等待 30 分钟后再次检查...
[2026-03-01 02:24:28] ⏸️  非交易时间，跳过监控
[2026-03-01 02:24:28] ⏰ 等待 30 分钟后再次检查...
[2026-03-01 02:54:28] ⏸️  非交易时间，跳过监控
[2026-03-01 02:54:28] ⏰ 等待 30 分钟后再次检查...
[2026-03-01 03:24:29] ⏸️  非交易时间，跳过监控
[2026-03-01 03:24:29] ⏰ 等待 30 分钟后再次检查...
[2026-03-01 03:54:29] ⏸️  非交易时间，跳过监控
[2026-03-01 03:54:29] ⏰ 等待 30 分钟后再次检查...
[2026-03-01 04:24:29] ⏸️  非交易时间，跳过监控
[2026-03-01 04:24:29] ⏰ 等待 30 分钟后再次检查...
[2026-03-01 04:54:29] ⏸️  非交易时间，跳过监控
[2026-03-01 04:54:29] ⏰ 等待 30 分钟后再次检查...
[2026-03-01 05:24:29] ⏸️  非交易时间，跳过监控
[2026-03-01 05:24:29] ⏰ 等待 30 分钟后再次检查...
[2026-03-01 05:54:30] ⏸️  非交易时间，跳过监控
[2026-03-01 05:54:30] ⏰ 等待 30 分钟后再次检查...
[2026-03-01 06:24:30] ⏸️  非交易时间，跳过监控
[2026-03-01 06:24:30] ⏰ 等待 30 分钟后再次检查...
[2026-03-01 06:54:30] ⏸️  非交易时间，跳过监控
[2026-03-01 06:54:30] ⏰ 等待 30 分钟后再次检查...
[2026-03-01 07:24:30] ⏸️  非交易时间，跳过监控
[2026-03-01 07:24:30] ⏰ 等待 30 分钟后再次检查...
[2026-03-01 07:54:30] ⏸️  非交易时间，跳过监控
[2026-03-01 07:54:30] ⏰ 等待 30 分钟后再次检查...
[2026-03-01 08:24:30] ⏸️  非交易时间，跳过监控
[2026-03-01 08:24:30] ⏰ 等待 30 分钟后再次检查...
[2026-03-01 08:54:31] ⏸️  非交易时间，跳过监控
[2026-03-01 08:54:31] ⏰ 等待 30 分钟后再次检查...
[2026-03-01 09:24:31] ⏸️  非交易时间，跳过监控
[2026-03-01 09:24:31] ⏰ 等待 30 分钟后再次检查...
[2026-03-01 09:54:31] ⏸️  非交易时间，跳过监控
[2026-03-01 09:54:31] ⏰ 等待 30 分钟后再次检查...
[2026-03-01 10:24:31] ⏸️  非交易时间，跳过监控
[2026-03-01 10:24:31] ⏰ 等待 30 分钟后再次检查...
[2026-03-01 10:54:31] ⏸️  非交易时间，跳过监控
[2026-03-01 10:54:31] ⏰ 等待 30 分钟后再次检查...
[2026-03-01 11:24:31] ⏸️  非交易时间，跳过监控
[2026-03-01 11:24:31] ⏰ 等待 30 分钟后再次检查...
[2026-03-01 11:54:31] ⏸️  非交易时间，跳过监控
[2026-03-01 11:54:31] ⏰ 等待 30 分钟后再次检查...
[2026-03-01 12:24:31] ⏸️  非交易时间，跳过监控
[2026-03-01 12:24:31] ⏰ 等待 30 分钟后再次检查...
[2026-03-01 12:54:32] ⏸️  非交易时间，跳过监控
[2026-03-01 12:54:32] ⏰ 等待 30 分钟后再次检查...
[2026-03-01 13:24:32] ⏸️  非交易时间，跳过监控
[2026-03-01 13:24:32] ⏰ 等待 30 分钟后再次检查...
[2026-03-01 13:54:32] ⏸️  非交易时间，跳过监控
[2026-03-01 13:54:32] ⏰ 等待 30 分钟后再次检查...
[2026-03-01 14:24:32] ⏸️  非交易时间，跳过监控
[2026-03-01 14:24:32] ⏰ 等待 30 分钟后再次检查...
[2026-03-01 14:54:32] ⏸️  非交易时间，跳过监控
[2026-03-01 14:54:32] ⏰ 等待 30 分钟后再次检查...
[2026-03-01 15:24:32] ⏸️  非交易时间，跳过监控
[2026-03-01 15:24:32] ⏰ 等待 30 分钟后再次检查...
[2026-03-01 15:54:33] ⏸️  非交易时间，跳过监控
[2026-03-01 15:54:33] ⏰ 等待 30 分钟后再次检查...
[2026-03-01 16:24:33] ⏸️  非交易时间，跳过监控
[2026-03-01 16:24:33] ⏰ 等待 30 分钟后再次检查...
[2026-03-01 16:54:33] ⏸️  非交易时间，跳过监控
[2026-03-01 16:54:33] ⏰ 等待 30 分钟后再次检查...
[2026-03-01 17:24:33] ⏸️  非交易时间，跳过监控
[2026-03-01 17:24:33] ⏰ 等待 30 分钟后再次检查...
[2026-03-01 17:54:33] ⏸️  非交易时间，跳过监控
[2026-03-01 17:54:33] ⏰ 等待 30 分钟后再次检查...
[2026-03-01 18:24:34] ⏸️  非交易时间，跳过监控
[2026-03-01 18:24:34] ⏰ 等待 30 分钟后再次检查...
[2026-03-01 18:54:34] ⏸️  非交易时间，跳过监控
[2026-03-01 18:54:34] ⏰ 等待 30 分钟后再次检查...
[2026-03-01 19:24:34] ⏸️  非交易时间，跳过监控
[2026-03-01 19:24:34] ⏰ 等待 30 分钟后再次检查...
[2026-03-01 19:54:34] ⏸️  非交易时间，跳过监控
[2026-03-01 19:54:34] ⏰ 等待 30 分钟后再次检查...
[2026-03-01 20:24:34] ⏸️  非交易时间，跳过监控
[2026-03-01 20:24:34] ⏰ 等待 30 分钟后再次检查...
[2026-03-01 20:54:34] ⏸️  非交易时间，跳过监控
[2026-03-01 20:54:34] ⏰ 等待 30 分钟后再次检查...
[2026-03-01 21:24:34] ⏸️  非交易时间，跳过监控
[2026-03-01 21:24:34] ⏰ 等待 30 分钟后再次检查...
[2026-03-01 21:54:35] ⏸️  非交易时间，跳过监控
[2026-03-01 21:54:35] ⏰ 等待 30 分钟后再次检查...
[2026-03-01 22:24:35] ⏸️  非交易时间，跳过监控
[2026-03-01 22:24:35] ⏰ 等待 30 分钟后再次检查...
